<?xml version="1.0" encoding="UTF-8"?>
<!-- Generated by org.testng.reporters.JUnitReportReporter -->
<testsuite hostname="DESKTOP-TO96F33" failures="0" tests="16" name="tests.CartTests" time="63.637" errors="0" timestamp="2025-10-09T23:25:15 IST" skipped="0">
  <testcase classname="tests.CartTests" name="verifyItemPresenceInCart" time="3.223"/>
  <testcase classname="tests.CartTests" name="verifyDecreasingItemQuantity" time="6.281"/>
  <testcase classname="tests.CartTests" name="verifyItemPresenceInCart" time="4.511"/>
  <testcase classname="tests.CartTests" name="verifySingleItemTotalPrice" time="3.311"/>
  <testcase classname="tests.CartTests" name="verifyItemIsRemovedWhenQuantityIsZero" time="4.964"/>
  <testcase classname="tests.CartTests" name="verifyTotalCartPriceWithMultipleItems" time="3.365"/>
  <testcase classname="tests.CartTests" name="verifySingleItemTotalPrice" time="4.051"/>
  <testcase classname="tests.CartTests" name="verifySingleItemTotalPrice" time="4.319"/>
  <testcase classname="tests.CartTests" name="verifyItemPresenceInCart" time="3.761"/>
  <testcase classname="tests.CartTests" name="verifyQuantityCannotGoBelowZero" time="4.533"/>
  <testcase classname="tests.CartTests" name="verifyInitialEmptyCart" time="1.838"/>
  <testcase classname="tests.CartTests" name="verifyIncreasingItemQuantity" time="5.696"/>
  <testcase classname="tests.CartTests" name="verifySingleItemTotalPrice" time="3.355"/>
  <testcase classname="tests.CartTests" name="verifyItemPresenceInCart" time="3.300"/>
  <testcase classname="tests.CartTests" name="verifyMultipleItemsArePresent" time="4.768"/>
  <testcase classname="tests.CartTests" name="verifyCheckoutButtonNavigatesToCheckoutPage" time="2.361"/>
</testsuite> <!-- tests.CartTests -->
