<?xml version="1.0" encoding="UTF-8"?>
<!-- Generated by org.testng.reporters.JUnitReportReporter -->
<testsuite hostname="DESKTOP-TO96F33" failures="0" tests="6" name="tests.CheckoutTest" time="59.979" errors="0" timestamp="2025-10-09T23:29:45 IST" skipped="0">
  <testcase classname="tests.CheckoutTest" name="verifyPaymentFailsWithBothEmpty" time="13.499"/>
  <testcase classname="tests.CheckoutTest" name="verifyPaymentFailsWithEmptyName" time="13.027"/>
  <testcase classname="tests.CheckoutTest" name="verifyFormIsDisplayed" time="2.332"/>
  <testcase classname="tests.CheckoutTest" name="verifyPaymentFailsWithEmptyEmail" time="14.519"/>
  <testcase classname="tests.CheckoutTest" name="verifyPaymentFailsWithInvalidEmail" time="12.830"/>
  <testcase classname="tests.CheckoutTest" name="verifySuccessfulPayment" time="3.772"/>
</testsuite> <!-- tests.CheckoutTest -->
