<?xml version="1.0" encoding="UTF-8"?>
<!-- Generated by org.testng.reporters.JUnitReportReporter -->
<testsuite hostname="DESKTOP-TO96F33" failures="0" tests="1" name="tests.MenuTests" time="3.975" errors="0" timestamp="2025-10-07T01:41:57 IST" skipped="0">
  <testcase classname="tests.MenuTests" name="verifyAllItemsPrices" time="3.975"/>
</testsuite> <!-- tests.MenuTests -->
