<?xml version="1.0" encoding="UTF-8"?>
<!-- Generated by org.testng.reporters.JUnitReportReporter -->
<testsuite hostname="DESKTOP-TO96F33" failures="0" tests="3" name="com.city.service.TrafficManagementServiceTest" time="0.062" errors="0" timestamp="2025-10-04T14:40:30 IST" skipped="0">
  <testcase classname="com.city.service.TrafficManagementServiceTest" name="testUpdateTrafficDensityWithDataProvider" time="0.055"/>
  <testcase classname="com.city.service.TrafficManagementServiceTest" name="testUpdateTrafficDensityWithDataProvider" time="0.004"/>
  <testcase classname="com.city.service.TrafficManagementServiceTest" name="testUpdateTrafficDensityWithDataProvider" time="0.003"/>
</testsuite> <!-- com.city.service.TrafficManagementServiceTest -->
