<?xml version="1.0" encoding="UTF-8"?>
<!-- Generated by org.testng.reporters.JUnitReportReporter -->
<testsuite hostname="DESKTOP-TO96F33" failures="0" tests="1" name="com.city.service.EmergencyServiceTest" time="0.071" errors="0" timestamp="2025-10-05T18:38:48 IST" skipped="0">
  <testcase classname="com.city.service.EmergencyServiceTest" name="testGetEmergenciesByStatus" time="0.071"/>
</testsuite> <!-- com.city.service.EmergencyServiceTest -->
