<?xml version="1.0" encoding="UTF-8"?>
<!-- Generated by org.testng.reporters.JUnitReportReporter -->
<testsuite hostname="DESKTOP-TO96F33" failures="0" tests="8" name="com.city.service.AnalyticsServiceTest" time="0.042" errors="0" timestamp="2025-10-07T14:59:06 IST" skipped="0">
  <testcase classname="com.city.service.AnalyticsServiceTest" name="testGenerateUtilityConsumptionReportWithNoData" time="0.002"/>
  <testcase classname="com.city.service.AnalyticsServiceTest" name="testGenerateEmergencyReport_NoData" time="0.031"/>
  <testcase classname="com.city.service.AnalyticsServiceTest" name="testGenerateTrafficReport" time="0.000"/>
  <testcase classname="com.city.service.AnalyticsServiceTest" name="testGetComplaintStatisticsWithNoData" time="0.000"/>
  <testcase classname="com.city.service.AnalyticsServiceTest" name="testGenerateTrafficReportWithNoData" time="0.002"/>
  <testcase classname="com.city.service.AnalyticsServiceTest" name="testGetComplaintStatistics" time="0.002"/>
  <testcase classname="com.city.service.AnalyticsServiceTest" name="testGenerateUtilityConsumptionReport" time="0.000"/>
  <testcase classname="com.city.service.AnalyticsServiceTest" name="testGenerateEmergencyReport" time="0.005"/>
</testsuite> <!-- com.city.service.AnalyticsServiceTest -->
