<?xml version="1.0" encoding="UTF-8"?>
<!-- Generated by org.testng.reporters.JUnitReportReporter -->
<testsuite hostname="DESKTOP-TO96F33" failures="0" tests="17" name="com.city.service.TrafficManagementServiceTest" time="0.009" errors="0" timestamp="2025-10-07T14:59:06 IST" skipped="0">
  <testcase classname="com.city.service.TrafficManagementServiceTest" name="testOptimizeTrafficSignal" time="0.003"/>
  <testcase classname="com.city.service.TrafficManagementServiceTest" name="testHighTrafficAreasForInactiveSensor" time="0.001"/>
  <testcase classname="com.city.service.TrafficManagementServiceTest" name="testOptimizeTrafficSignalWithEmptyString" time="0.000"/>
  <testcase classname="com.city.service.TrafficManagementServiceTest" name="testUpdateTrafficDensityWithDataProvider" time="0.001"/>
  <testcase classname="com.city.service.TrafficManagementServiceTest" name="testHighTrafficAreasWithNegativeThreshold" time="0.000"/>
  <testcase classname="com.city.service.TrafficManagementServiceTest" name="testUpdateTrafficDensityWithNegativeDensity" time="0.000"/>
  <testcase classname="com.city.service.TrafficManagementServiceTest" name="testUpdateTrafficDensityWithNonExistingSensor" time="0.000"/>
  <testcase classname="com.city.service.TrafficManagementServiceTest" name="testUpdateTrafficDensityWithNull" time="0.001"/>
  <testcase classname="com.city.service.TrafficManagementServiceTest" name="testOptimizeTrafficSignalWithNull" time="0.000"/>
  <testcase classname="com.city.service.TrafficManagementServiceTest" name="testUpdateTrafficDensityWithDataProvider" time="0.000"/>
  <testcase classname="com.city.service.TrafficManagementServiceTest" name="testUpdateTrafficDensityWithDataProvider" time="0.002"/>
  <testcase classname="com.city.service.TrafficManagementServiceTest" name="testHighTrafficAreas" time="0.000"/>
  <testcase classname="com.city.service.TrafficManagementServiceTest" name="testUpdateTrafficDensityForInactiveSensor" time="0.000"/>
  <testcase classname="com.city.service.TrafficManagementServiceTest" name="testUpdateTrafficDensity" time="0.001"/>
  <testcase classname="com.city.service.TrafficManagementServiceTest" name="testUpdateTrafficDensityWithEmptyString" time="0.000"/>
  <testcase classname="com.city.service.TrafficManagementServiceTest" name="testOptimizeTrafficSignalForInactiveArea" time="0.000"/>
  <testcase classname="com.city.service.TrafficManagementServiceTest" name="testOptimizeTrafficSignalWithWrongArea" time="0.000"/>
</testsuite> <!-- com.city.service.TrafficManagementServiceTest -->
