<?xml version="1.0" encoding="UTF-8"?>
<!-- Generated by org.testng.reporters.JUnitReportReporter -->
<testsuite hostname="DESKTOP-TO96F33" failures="0" tests="17" name="com.city.service.EmergencyServiceTest" time="0.012" errors="0" timestamp="2025-10-07T14:59:06 IST" skipped="0">
  <testcase classname="com.city.service.EmergencyServiceTest" name="testDispatchEmergencyServiceForAlreadyResolvedAlert" time="0.000"/>
  <testcase classname="com.city.service.EmergencyServiceTest" name="testRaiseEmergencyAlertWithNullSeverity" time="0.001"/>
  <testcase classname="com.city.service.EmergencyServiceTest" name="testRaiseEmergencyAlertWithNullType" time="0.001"/>
  <testcase classname="com.city.service.EmergencyServiceTest" name="testDispatchEmergencyServiceWithNullAlertId" time="0.000"/>
  <testcase classname="com.city.service.EmergencyServiceTest" name="testRaiseEmergencyAlert_InvalidData_ThrowsException" time="0.001"/>
  <testcase classname="com.city.service.EmergencyServiceTest" name="testRaiseEmergencyAlert_InvalidData_ThrowsException" time="0.000"/>
  <testcase classname="com.city.service.EmergencyServiceTest" name="testRaiseEmergencyAlert" time="0.000"/>
  <testcase classname="com.city.service.EmergencyServiceTest" name="testRaiseEmergencyAlertForHighSeverityCapacityExceeded" time="0.001"/>
  <testcase classname="com.city.service.EmergencyServiceTest" name="testDispatchEmergencyServiceForNonExistentAlert" time="0.000"/>
  <testcase classname="com.city.service.EmergencyServiceTest" name="testGetActiveEmergencies" time="0.000"/>
  <testcase classname="com.city.service.EmergencyServiceTest" name="testRaiseEmergencyAlert_InvalidData_ThrowsException" time="0.002"/>
  <testcase classname="com.city.service.EmergencyServiceTest" name="testRaiseEmergencyAlertWithEmptyLocation" time="0.001"/>
  <testcase classname="com.city.service.EmergencyServiceTest" name="testDispatchEmergencyService" time="0.000"/>
  <testcase classname="com.city.service.EmergencyServiceTest" name="testGetEmergenciesByStatus" time="0.000"/>
  <testcase classname="com.city.service.EmergencyServiceTest" name="testDispatchEmergencyServiceWithEmptyAlertId" time="0.002"/>
  <testcase classname="com.city.service.EmergencyServiceTest" name="testRaiseEmergencyAlertWithNullLocation" time="0.000"/>
  <testcase classname="com.city.service.EmergencyServiceTest" name="testRaiseEmergencyAlert_InvalidData_ThrowsException" time="0.003"/>
</testsuite> <!-- com.city.service.EmergencyServiceTest -->
