<?xml version="1.0" encoding="UTF-8"?>
<!-- Generated by org.testng.reporters.JUnitReportReporter -->
<testsuite hostname="DESKTOP-TO96F33" failures="0" tests="27" name="com.city.service.UtilityMonitoringServiceTest" time="0.014" errors="0" timestamp="2025-10-07T14:59:06 IST" skipped="0">
  <testcase classname="com.city.service.UtilityMonitoringServiceTest" name="testRecordUtilityConsumptionWithEmptyString" time="0.000"/>
  <testcase classname="com.city.service.UtilityMonitoringServiceTest" name="testRecordUtilityConsumption" time="0.001"/>
  <testcase classname="com.city.service.UtilityMonitoringServiceTest" name="testRecordUtilityConsumptionForInvalidData" time="0.000"/>
  <testcase classname="com.city.service.UtilityMonitoringServiceTest" name="testGenerateBillNoMeterForUtilityType" time="0.000"/>
  <testcase classname="com.city.service.UtilityMonitoringServiceTest" name="testRecordUtilityConsumptionForInvalidData" time="0.000"/>
  <testcase classname="com.city.service.UtilityMonitoringServiceTest" name="testRecordUtilityConsumptionWithNull" time="0.001"/>
  <testcase classname="com.city.service.UtilityMonitoringServiceTest" name="testGenerateBillWithNullPropertyId" time="0.000"/>
  <testcase classname="com.city.service.UtilityMonitoringServiceTest" name="testGenerateBill" time="0.000"/>
  <testcase classname="com.city.service.UtilityMonitoringServiceTest" name="testRecordUtilityConsumption" time="0.003"/>
  <testcase classname="com.city.service.UtilityMonitoringServiceTest" name="testRecordUtilityConsumptionWithSameReading" time="0.002"/>
  <testcase classname="com.city.service.UtilityMonitoringServiceTest" name="testGenerateBill" time="0.000"/>
  <testcase classname="com.city.service.UtilityMonitoringServiceTest" name="testRecordUtilityConsumption" time="0.000"/>
  <testcase classname="com.city.service.UtilityMonitoringServiceTest" name="testRecordUtilityConsumptionForInvalidData" time="0.000"/>
  <testcase classname="com.city.service.UtilityMonitoringServiceTest" name="testDetectAnomalies" time="0.000"/>
  <testcase classname="com.city.service.UtilityMonitoringServiceTest" name="testRecordUtilityConsumptionWithLessReading" time="0.001"/>
  <testcase classname="com.city.service.UtilityMonitoringServiceTest" name="testDetectAnomaliesWithNegativeThreshold" time="0.001"/>
  <testcase classname="com.city.service.UtilityMonitoringServiceTest" name="testGenerateBill" time="0.000"/>
  <testcase classname="com.city.service.UtilityMonitoringServiceTest" name="testGenerateBillWithEmptyPropertyId" time="0.001"/>
  <testcase classname="com.city.service.UtilityMonitoringServiceTest" name="testRecordUtilityConsumption" time="0.000"/>
  <testcase classname="com.city.service.UtilityMonitoringServiceTest" name="testRecordUtilityConsumptionForInvalidData" time="0.000"/>
  <testcase classname="com.city.service.UtilityMonitoringServiceTest" name="testGenerateBillWithNullUtilityType" time="0.000"/>
  <testcase classname="com.city.service.UtilityMonitoringServiceTest" name="testRecordUtilityConsumptionWithNegativeReading" time="0.000"/>
  <testcase classname="com.city.service.UtilityMonitoringServiceTest" name="testGenerateBillWithNonExistentProperty" time="0.000"/>
  <testcase classname="com.city.service.UtilityMonitoringServiceTest" name="testRecordUtilityConsumptionForInvalidData" time="0.001"/>
  <testcase classname="com.city.service.UtilityMonitoringServiceTest" name="testDetectAnomaliesWhereNoAnomalies" time="0.000"/>
  <testcase classname="com.city.service.UtilityMonitoringServiceTest" name="testRecordUtilityConsumptionWithWrongMeter" time="0.000"/>
  <testcase classname="com.city.service.UtilityMonitoringServiceTest" name="testGenerateBill" time="0.003"/>
</testsuite> <!-- com.city.service.UtilityMonitoringServiceTest -->
