<?xml version="1.0" encoding="UTF-8"?>
<!-- Generated by org.testng.reporters.JUnitReportReporter -->
<testsuite hostname="DESKTOP-TO96F33" failures="0" tests="35" name="com.city.service.ComplaintServiceTest" time="0.023" errors="0" timestamp="2025-10-07T14:59:06 IST" skipped="0">
  <testcase classname="com.city.service.ComplaintServiceTest" name="testRegisterComplaintWithNonExistentCitizen" time="0.001"/>
  <testcase classname="com.city.service.ComplaintServiceTest" name="testRegisterComplaintWithInvalidData" time="0.001"/>
  <testcase classname="com.city.service.ComplaintServiceTest" name="testUpdateComplaintStatus" time="0.001"/>
  <testcase classname="com.city.service.ComplaintServiceTest" name="testUpdateComplaintStatusWithNullStatus" time="0.000"/>
  <testcase classname="com.city.service.ComplaintServiceTest" name="testRegisterComplaintWithInvalidData" time="0.001"/>
  <testcase classname="com.city.service.ComplaintServiceTest" name="testRegisterComplaint" time="0.000"/>
  <testcase classname="com.city.service.ComplaintServiceTest" name="testUpdateComplaintStatus" time="0.001"/>
  <testcase classname="com.city.service.ComplaintServiceTest" name="testRegisterComplaintWithNullDescription" time="0.000"/>
  <testcase classname="com.city.service.ComplaintServiceTest" name="testUpdateComplaintStatus" time="0.001"/>
  <testcase classname="com.city.service.ComplaintServiceTest" name="testRegisterComplaintWithEmptyDescription" time="0.000"/>
  <testcase classname="com.city.service.ComplaintServiceTest" name="testUpdateComplaintStatus" time="0.000"/>
  <testcase classname="com.city.service.ComplaintServiceTest" name="testGetComplaintsByPriority" time="0.000"/>
  <testcase classname="com.city.service.ComplaintServiceTest" name="testRegisterComplaintWithInvalidData" time="0.000"/>
  <testcase classname="com.city.service.ComplaintServiceTest" name="testGetComplaintsByPriorityWithNullPriority" time="0.002"/>
  <testcase classname="com.city.service.ComplaintServiceTest" name="testUpdateComplaintStatus" time="0.000"/>
  <testcase classname="com.city.service.ComplaintServiceTest" name="testRegisterComplaint" time="0.007"/>
  <testcase classname="com.city.service.ComplaintServiceTest" name="testUpdateComplaintStatus_NullComplaintId_ThrowsException" time="0.000"/>
  <testcase classname="com.city.service.ComplaintServiceTest" name="testRegisterComplaintWithInvalidData" time="0.000"/>
  <testcase classname="com.city.service.ComplaintServiceTest" name="testRegisterComplaintWithNullCategory" time="0.000"/>
  <testcase classname="com.city.service.ComplaintServiceTest" name="testUpdateComplaintStatus" time="0.000"/>
  <testcase classname="com.city.service.ComplaintServiceTest" name="testRegisterComplaintWithInvalidData" time="0.001"/>
  <testcase classname="com.city.service.ComplaintServiceTest" name="testRegisterComplaintWithInvalidData" time="0.000"/>
  <testcase classname="com.city.service.ComplaintServiceTest" name="testUpdateComplaintStatus" time="0.001"/>
  <testcase classname="com.city.service.ComplaintServiceTest" name="testRegisterComplaint" time="0.000"/>
  <testcase classname="com.city.service.ComplaintServiceTest" name="testUpdateComplaintStatusWithNonExistentComplaint" time="0.001"/>
  <testcase classname="com.city.service.ComplaintServiceTest" name="testRegisterComplaintWithNullPriority" time="0.000"/>
  <testcase classname="com.city.service.ComplaintServiceTest" name="testUpdateComplaintStatus" time="0.000"/>
  <testcase classname="com.city.service.ComplaintServiceTest" name="testComplaintIdAutoGeneration" time="0.001"/>
  <testcase classname="com.city.service.ComplaintServiceTest" name="testUpdateComplaintStatusWithEmptyComplaintId" time="0.001"/>
  <testcase classname="com.city.service.ComplaintServiceTest" name="testRegisterComplaintWithInvalidData" time="0.000"/>
  <testcase classname="com.city.service.ComplaintServiceTest" name="testRegisterComplaintWithEmptyCitizenId" time="0.001"/>
  <testcase classname="com.city.service.ComplaintServiceTest" name="testUpdateComplaintStatus" time="0.000"/>
  <testcase classname="com.city.service.ComplaintServiceTest" name="testUpdateComplaintStatus" time="0.002"/>
  <testcase classname="com.city.service.ComplaintServiceTest" name="testRegisterComplaintWithNullCitizenId" time="0.000"/>
  <testcase classname="com.city.service.ComplaintServiceTest" name="testRegisterComplaint" time="0.000"/>
</testsuite> <!-- com.city.service.ComplaintServiceTest -->
